2025-09-09T09:06:30.928-03:00  INFO 10476 --- [Library] [restartedMain] b.c.f.t.j.Library.LibraryApplication     : Starting LibraryApplication using Java 24.0.1 with PID 10476 (C:\Users\pedro\OneDrive - Fiap-Faculdade de Informática e Administração Paulista\3Semestre\Java Advanced\java-advanced\Library\target\classes started by pedro in C:\Users\pedro\OneDrive - Fiap-Faculdade de Informática e Administração Paulista\3Semestre\Java Advanced\java-advanced\Library)
2025-09-09T09:06:30.930-03:00  INFO 10476 --- [Library] [restartedMain] b.c.f.t.j.Library.LibraryApplication     : No active profile set, falling back to 1 default profile: "default"
2025-09-09T09:06:30.998-03:00  INFO 10476 --- [Library] [restartedMain] .e.DevToolsPropertyDefaultsPostProcessor : Devtools property defaults active! Set 'spring.devtools.add-properties' to 'false' to disable
2025-09-09T09:06:30.998-03:00  INFO 10476 --- [Library] [restartedMain] .e.DevToolsPropertyDefaultsPostProcessor : For additional web related logging consider setting the 'logging.level.web' property to 'DEBUG'
2025-09-09T09:06:32.574-03:00  INFO 10476 --- [Library] [restartedMain] .s.d.r.c.RepositoryConfigurationDelegate : Bootstrapping Spring Data JPA repositories in DEFAULT mode.
2025-09-09T09:06:32.764-03:00  INFO 10476 --- [Library] [restartedMain] .s.d.r.c.RepositoryConfigurationDelegate : Finished Spring Data repository scanning in 174 ms. Found 4 JPA repository interfaces.
2025-09-09T09:06:33.570-03:00  INFO 10476 --- [Library] [restartedMain] o.s.b.w.embedded.tomcat.TomcatWebServer  : Tomcat initialized with port 8080 (http)
2025-09-09T09:06:33.590-03:00  INFO 10476 --- [Library] [restartedMain] o.apache.catalina.core.StandardService   : Starting service [Tomcat]
2025-09-09T09:06:33.590-03:00  INFO 10476 --- [Library] [restartedMain] o.apache.catalina.core.StandardEngine    : Starting Servlet engine: [Apache Tomcat/10.1.44]
2025-09-09T09:06:33.650-03:00  INFO 10476 --- [Library] [restartedMain] o.a.c.c.C.[Tomcat].[localhost].[/]       : Initializing Spring embedded WebApplicationContext
2025-09-09T09:06:33.651-03:00  INFO 10476 --- [Library] [restartedMain] w.s.c.ServletWebServerApplicationContext : Root WebApplicationContext: initialization completed in 2652 ms
2025-09-09T09:06:33.845-03:00  INFO 10476 --- [Library] [restartedMain] com.zaxxer.hikari.HikariDataSource       : HikariPool-1 - Starting...
2025-09-09T09:06:34.150-03:00  INFO 10476 --- [Library] [restartedMain] com.zaxxer.hikari.pool.HikariPool        : HikariPool-1 - Added connection conn0: url=jdbc:h2:mem:blog_database user=SA
2025-09-09T09:06:34.151-03:00  INFO 10476 --- [Library] [restartedMain] com.zaxxer.hikari.HikariDataSource       : HikariPool-1 - Start completed.
2025-09-09T09:06:34.224-03:00  INFO 10476 --- [Library] [restartedMain] o.hibernate.jpa.internal.util.LogHelper  : HHH000204: Processing PersistenceUnitInfo [name: default]
2025-09-09T09:06:34.311-03:00  INFO 10476 --- [Library] [restartedMain] org.hibernate.Version                    : HHH000412: Hibernate ORM core version 6.6.26.Final
2025-09-09T09:06:34.376-03:00  INFO 10476 --- [Library] [restartedMain] o.h.c.internal.RegionFactoryInitiator    : HHH000026: Second-level cache disabled
2025-09-09T09:06:34.811-03:00  INFO 10476 --- [Library] [restartedMain] o.s.o.j.p.SpringPersistenceUnitInfo      : No LoadTimeWeaver setup: ignoring JPA class transformer
2025-09-09T09:06:34.921-03:00  INFO 10476 --- [Library] [restartedMain] org.hibernate.orm.connections.pooling    : HHH10001005: Database info:
	Database JDBC URL [Connecting through datasource 'HikariDataSource (HikariPool-1)']
	Database driver: undefined/unknown
	Database version: 2.3.232
	Autocommit mode: undefined/unknown
	Isolation level: undefined/unknown
	Minimum pool size: undefined/unknown
	Maximum pool size: undefined/unknown
2025-09-09T09:06:36.167-03:00  INFO 10476 --- [Library] [restartedMain] o.h.e.t.j.p.i.JtaPlatformInitiator       : HHH000489: No JTA platform available (set 'hibernate.transaction.jta.platform' to enable JTA platform integration)
2025-09-09T09:06:36.190-03:00 DEBUG 10476 --- [Library] [restartedMain] org.hibernate.SQL                        : 
    drop table if exists posts cascade 
2025-09-09T09:06:36.194-03:00 DEBUG 10476 --- [Library] [restartedMain] org.hibernate.SQL                        : 
    drop table if exists posts_tags cascade 
2025-09-09T09:06:36.195-03:00 DEBUG 10476 --- [Library] [restartedMain] org.hibernate.SQL                        : 
    drop table if exists profile cascade 
2025-09-09T09:06:36.195-03:00 DEBUG 10476 --- [Library] [restartedMain] org.hibernate.SQL                        : 
    drop table if exists tags cascade 
2025-09-09T09:06:36.195-03:00 DEBUG 10476 --- [Library] [restartedMain] org.hibernate.SQL                        : 
    drop table if exists users cascade 
2025-09-09T09:06:36.201-03:00 DEBUG 10476 --- [Library] [restartedMain] org.hibernate.SQL                        : 
    create table posts (
        id uuid not null,
        user_id uuid,
        title varchar(100) not null,
        content varchar(255) not null,
        primary key (id)
    )
2025-09-09T09:06:36.209-03:00 DEBUG 10476 --- [Library] [restartedMain] org.hibernate.SQL                        : 
    create table posts_tags (
        post_id uuid not null,
        tag_id uuid not null,
        primary key (post_id, tag_id)
    )
2025-09-09T09:06:36.212-03:00 DEBUG 10476 --- [Library] [restartedMain] org.hibernate.SQL                        : 
    create table profile (
        id uuid not null,
        user_id uuid unique,
        bio varchar(255) not null,
        profile_picture varchar(255),
        primary key (id)
    )
2025-09-09T09:06:36.215-03:00 DEBUG 10476 --- [Library] [restartedMain] org.hibernate.SQL                        : 
    create table tags (
        id uuid not null,
        name varchar(100) not null,
        primary key (id)
    )
2025-09-09T09:06:36.216-03:00 DEBUG 10476 --- [Library] [restartedMain] org.hibernate.SQL                        : 
    create table users (
        id uuid not null,
        email varchar(50) not null,
        name varchar(100) not null,
        password varchar(255) not null,
        primary key (id)
    )
2025-09-09T09:06:36.217-03:00 DEBUG 10476 --- [Library] [restartedMain] org.hibernate.SQL                        : 
    alter table if exists posts 
       add constraint FK5lidm6cqbc7u4xhqpxm898qme 
       foreign key (user_id) 
       references users
2025-09-09T09:06:36.236-03:00 DEBUG 10476 --- [Library] [restartedMain] org.hibernate.SQL                        : 
    alter table if exists posts_tags 
       add constraint FK4svsmj4juqu2l8yaw6whr1v4v 
       foreign key (tag_id) 
       references tags
2025-09-09T09:06:36.238-03:00 DEBUG 10476 --- [Library] [restartedMain] org.hibernate.SQL                        : 
    alter table if exists posts_tags 
       add constraint FKcreclgob71ibo58gsm6l5wp6 
       foreign key (post_id) 
       references posts
2025-09-09T09:06:36.240-03:00 DEBUG 10476 --- [Library] [restartedMain] org.hibernate.SQL                        : 
    alter table if exists profile 
       add constraint FKs14jvsf9tqrcnly0afsv0ngwv 
       foreign key (user_id) 
       references users
2025-09-09T09:06:36.245-03:00  INFO 10476 --- [Library] [restartedMain] j.LocalContainerEntityManagerFactoryBean : Initialized JPA EntityManagerFactory for persistence unit 'default'
2025-09-09T09:06:36.838-03:00  INFO 10476 --- [Library] [restartedMain] o.s.d.j.r.query.QueryEnhancerFactory     : Hibernate is in classpath; If applicable, HQL parser will be used.
2025-09-09T09:06:37.519-03:00  WARN 10476 --- [Library] [restartedMain] JpaBaseConfiguration$JpaWebConfiguration : spring.jpa.open-in-view is enabled by default. Therefore, database queries may be performed during view rendering. Explicitly configure spring.jpa.open-in-view to disable this warning
2025-09-09T09:06:37.994-03:00  INFO 10476 --- [Library] [restartedMain] o.s.b.a.h2.H2ConsoleAutoConfiguration    : H2 console available at '/console'. Database available at 'jdbc:h2:mem:blog_database'
2025-09-09T09:06:38.186-03:00  INFO 10476 --- [Library] [restartedMain] o.s.b.d.a.OptionalLiveReloadServer       : LiveReload server is running on port 35729
2025-09-09T09:06:38.240-03:00  INFO 10476 --- [Library] [restartedMain] o.s.b.w.embedded.tomcat.TomcatWebServer  : Tomcat started on port 8080 (http) with context path '/'
2025-09-09T09:06:38.249-03:00  INFO 10476 --- [Library] [restartedMain] b.c.f.t.j.Library.LibraryApplication     : Started LibraryApplication in 8.14 seconds (process running for 10.175)
2025-09-09T09:18:53.942-03:00  INFO 10476 --- [Library] [SpringApplicationShutdownHook] o.s.b.w.e.tomcat.GracefulShutdown        : Commencing graceful shutdown. Waiting for active requests to complete
2025-09-09T09:18:53.948-03:00  INFO 10476 --- [Library] [tomcat-shutdown] o.s.b.w.e.tomcat.GracefulShutdown        : Graceful shutdown complete
2025-09-09T09:18:53.952-03:00  INFO 10476 --- [Library] [SpringApplicationShutdownHook] j.LocalContainerEntityManagerFactoryBean : Closing JPA EntityManagerFactory for persistence unit 'default'
2025-09-09T09:18:53.955-03:00 DEBUG 10476 --- [Library] [SpringApplicationShutdownHook] org.hibernate.SQL                        : 
    drop table if exists posts cascade 
2025-09-09T09:18:53.957-03:00 DEBUG 10476 --- [Library] [SpringApplicationShutdownHook] org.hibernate.SQL                        : 
    drop table if exists posts_tags cascade 
2025-09-09T09:18:53.958-03:00 DEBUG 10476 --- [Library] [SpringApplicationShutdownHook] org.hibernate.SQL                        : 
    drop table if exists profile cascade 
2025-09-09T09:18:53.959-03:00 DEBUG 10476 --- [Library] [SpringApplicationShutdownHook] org.hibernate.SQL                        : 
    drop table if exists tags cascade 
2025-09-09T09:18:53.960-03:00 DEBUG 10476 --- [Library] [SpringApplicationShutdownHook] org.hibernate.SQL                        : 
    drop table if exists users cascade 
2025-09-09T09:18:53.967-03:00  WARN 10476 --- [Library] [SpringApplicationShutdownHook] o.s.b.f.support.DisposableBeanAdapter    : Invocation of destroy method failed on bean with name 'inMemoryDatabaseShutdownExecutor': org.h2.jdbc.JdbcSQLNonTransientConnectionException: Database is already closed (to disable automatic closing at VM shutdown, add ";DB_CLOSE_ON_EXIT=FALSE" to the db URL) [90121-232]
2025-09-09T09:18:53.968-03:00  INFO 10476 --- [Library] [SpringApplicationShutdownHook] com.zaxxer.hikari.HikariDataSource       : HikariPool-1 - Shutdown initiated...
2025-09-09T09:18:53.970-03:00  INFO 10476 --- [Library] [SpringApplicationShutdownHook] com.zaxxer.hikari.HikariDataSource       : HikariPool-1 - Shutdown completed.
2025-09-09T09:22:03.968-03:00  INFO 13740 --- [Library] [main] b.c.f.t.j.L.LibraryApplicationTests      : Starting LibraryApplicationTests using Java 24.0.1 with PID 13740 (started by pedro in C:\Users\pedro\OneDrive - Fiap-Faculdade de Informática e Administração Paulista\3Semestre\Java Advanced\java-advanced\Library)
2025-09-09T09:22:03.970-03:00  INFO 13740 --- [Library] [main] b.c.f.t.j.L.LibraryApplicationTests      : No active profile set, falling back to 1 default profile: "default"
2025-09-09T09:22:05.736-03:00  INFO 13740 --- [Library] [main] .s.d.r.c.RepositoryConfigurationDelegate : Bootstrapping Spring Data JPA repositories in DEFAULT mode.
2025-09-09T09:22:05.856-03:00  INFO 13740 --- [Library] [main] .s.d.r.c.RepositoryConfigurationDelegate : Finished Spring Data repository scanning in 107 ms. Found 4 JPA repository interfaces.
2025-09-09T09:22:06.652-03:00  INFO 13740 --- [Library] [main] com.zaxxer.hikari.HikariDataSource       : HikariPool-1 - Starting...
2025-09-09T09:22:07.018-03:00  INFO 13740 --- [Library] [main] com.zaxxer.hikari.pool.HikariPool        : HikariPool-1 - Added connection conn0: url=jdbc:h2:mem:blog_database user=SA
2025-09-09T09:22:07.021-03:00  INFO 13740 --- [Library] [main] com.zaxxer.hikari.HikariDataSource       : HikariPool-1 - Start completed.
2025-09-09T09:22:07.133-03:00  INFO 13740 --- [Library] [main] o.hibernate.jpa.internal.util.LogHelper  : HHH000204: Processing PersistenceUnitInfo [name: default]
2025-09-09T09:22:07.223-03:00  INFO 13740 --- [Library] [main] org.hibernate.Version                    : HHH000412: Hibernate ORM core version 6.6.26.Final
2025-09-09T09:22:07.297-03:00  INFO 13740 --- [Library] [main] o.h.c.internal.RegionFactoryInitiator    : HHH000026: Second-level cache disabled
2025-09-09T09:22:07.986-03:00  INFO 13740 --- [Library] [main] o.s.o.j.p.SpringPersistenceUnitInfo      : No LoadTimeWeaver setup: ignoring JPA class transformer
2025-09-09T09:22:08.106-03:00  INFO 13740 --- [Library] [main] org.hibernate.orm.connections.pooling    : HHH10001005: Database info:
	Database JDBC URL [Connecting through datasource 'HikariDataSource (HikariPool-1)']
	Database driver: undefined/unknown
	Database version: 2.3.232
	Autocommit mode: undefined/unknown
	Isolation level: undefined/unknown
	Minimum pool size: undefined/unknown
	Maximum pool size: undefined/unknown
2025-09-09T09:22:09.508-03:00  INFO 13740 --- [Library] [main] o.h.e.t.j.p.i.JtaPlatformInitiator       : HHH000489: No JTA platform available (set 'hibernate.transaction.jta.platform' to enable JTA platform integration)
2025-09-09T09:22:09.528-03:00 DEBUG 13740 --- [Library] [main] org.hibernate.SQL                        : 
    drop table if exists posts cascade 
2025-09-09T09:22:09.532-03:00 DEBUG 13740 --- [Library] [main] org.hibernate.SQL                        : 
    drop table if exists posts_tags cascade 
2025-09-09T09:22:09.532-03:00 DEBUG 13740 --- [Library] [main] org.hibernate.SQL                        : 
    drop table if exists profile cascade 
2025-09-09T09:22:09.533-03:00 DEBUG 13740 --- [Library] [main] org.hibernate.SQL                        : 
    drop table if exists tags cascade 
2025-09-09T09:22:09.533-03:00 DEBUG 13740 --- [Library] [main] org.hibernate.SQL                        : 
    drop table if exists users cascade 
2025-09-09T09:22:09.538-03:00 DEBUG 13740 --- [Library] [main] org.hibernate.SQL                        : 
    create table posts (
        id uuid not null,
        user_id uuid,
        title varchar(100) not null,
        content varchar(255) not null,
        primary key (id)
    )
2025-09-09T09:22:09.546-03:00 DEBUG 13740 --- [Library] [main] org.hibernate.SQL                        : 
    create table posts_tags (
        post_id uuid not null,
        tag_id uuid not null,
        primary key (post_id, tag_id)
    )
2025-09-09T09:22:09.548-03:00 DEBUG 13740 --- [Library] [main] org.hibernate.SQL                        : 
    create table profile (
        id uuid not null,
        user_id uuid unique,
        bio varchar(255) not null,
        profile_picture varchar(255),
        primary key (id)
    )
2025-09-09T09:22:09.550-03:00 DEBUG 13740 --- [Library] [main] org.hibernate.SQL                        : 
    create table tags (
        id uuid not null,
        name varchar(100) not null,
        primary key (id)
    )
2025-09-09T09:22:09.552-03:00 DEBUG 13740 --- [Library] [main] org.hibernate.SQL                        : 
    create table users (
        id uuid not null,
        email varchar(50) not null,
        name varchar(100) not null,
        password varchar(255) not null,
        primary key (id)
    )
2025-09-09T09:22:09.554-03:00 DEBUG 13740 --- [Library] [main] org.hibernate.SQL                        : 
    alter table if exists posts 
       add constraint FK5lidm6cqbc7u4xhqpxm898qme 
       foreign key (user_id) 
       references users
2025-09-09T09:22:09.570-03:00 DEBUG 13740 --- [Library] [main] org.hibernate.SQL                        : 
    alter table if exists posts_tags 
       add constraint FK4svsmj4juqu2l8yaw6whr1v4v 
       foreign key (tag_id) 
       references tags
2025-09-09T09:22:09.572-03:00 DEBUG 13740 --- [Library] [main] org.hibernate.SQL                        : 
    alter table if exists posts_tags 
       add constraint FKcreclgob71ibo58gsm6l5wp6 
       foreign key (post_id) 
       references posts
2025-09-09T09:22:09.574-03:00 DEBUG 13740 --- [Library] [main] org.hibernate.SQL                        : 
    alter table if exists profile 
       add constraint FKs14jvsf9tqrcnly0afsv0ngwv 
       foreign key (user_id) 
       references users
2025-09-09T09:22:09.587-03:00  INFO 13740 --- [Library] [main] j.LocalContainerEntityManagerFactoryBean : Initialized JPA EntityManagerFactory for persistence unit 'default'
2025-09-09T09:22:10.413-03:00  INFO 13740 --- [Library] [main] o.s.d.j.r.query.QueryEnhancerFactory     : Hibernate is in classpath; If applicable, HQL parser will be used.
2025-09-09T09:22:11.323-03:00  WARN 13740 --- [Library] [main] JpaBaseConfiguration$JpaWebConfiguration : spring.jpa.open-in-view is enabled by default. Therefore, database queries may be performed during view rendering. Explicitly configure spring.jpa.open-in-view to disable this warning
2025-09-09T09:22:11.844-03:00  INFO 13740 --- [Library] [main] o.s.b.a.h2.H2ConsoleAutoConfiguration    : H2 console available at '/console'. Database available at 'jdbc:h2:mem:blog_database'
2025-09-09T09:22:11.944-03:00  INFO 13740 --- [Library] [main] b.c.f.t.j.L.LibraryApplicationTests      : Started LibraryApplicationTests in 8.981 seconds (process running for 11.541)
2025-09-09T09:22:12.733-03:00  INFO 13740 --- [Library] [SpringApplicationShutdownHook] j.LocalContainerEntityManagerFactoryBean : Closing JPA EntityManagerFactory for persistence unit 'default'
2025-09-09T09:22:12.735-03:00 DEBUG 13740 --- [Library] [SpringApplicationShutdownHook] org.hibernate.SQL                        : 
    drop table if exists posts cascade 
2025-09-09T09:22:12.738-03:00 DEBUG 13740 --- [Library] [SpringApplicationShutdownHook] org.hibernate.SQL                        : 
    drop table if exists posts_tags cascade 
2025-09-09T09:22:12.741-03:00 DEBUG 13740 --- [Library] [SpringApplicationShutdownHook] org.hibernate.SQL                        : 
    drop table if exists profile cascade 
2025-09-09T09:22:12.742-03:00 DEBUG 13740 --- [Library] [SpringApplicationShutdownHook] org.hibernate.SQL                        : 
    drop table if exists tags cascade 
2025-09-09T09:22:12.743-03:00 DEBUG 13740 --- [Library] [SpringApplicationShutdownHook] org.hibernate.SQL                        : 
    drop table if exists users cascade 
2025-09-09T09:22:12.745-03:00  INFO 13740 --- [Library] [SpringApplicationShutdownHook] com.zaxxer.hikari.HikariDataSource       : HikariPool-1 - Shutdown initiated...
2025-09-09T09:22:12.748-03:00  INFO 13740 --- [Library] [SpringApplicationShutdownHook] com.zaxxer.hikari.HikariDataSource       : HikariPool-1 - Shutdown completed.
