2025-09-24T14:58:31.499-03:00  INFO 7736 --- [Project-Mission-Drone] [main] .j.m.ProjectMissionDroneApplicationTests : Starting ProjectMissionDroneApplicationTests using Java 23-valhalla with PID 7736 (started by pedro in C:\Users\pedro\OneDrive - Fiap-Faculdade de Informática e Administração Paulista\3Semestre\Java Advanced\java-advanced\Project-Mission-Drone)
2025-09-24T14:58:31.513-03:00  INFO 7736 --- [Project-Mission-Drone] [main] .j.m.ProjectMissionDroneApplicationTests : No active profile set, falling back to 1 default profile: "default"
2025-09-24T14:58:32.924-03:00  INFO 7736 --- [Project-Mission-Drone] [main] .s.d.r.c.RepositoryConfigurationDelegate : Bootstrapping Spring Data JPA repositories in DEFAULT mode.
2025-09-24T14:58:33.034-03:00  INFO 7736 --- [Project-Mission-Drone] [main] .s.d.r.c.RepositoryConfigurationDelegate : Finished Spring Data repository scanning in 95 ms. Found 2 JPA repository interfaces.
2025-09-24T14:58:33.683-03:00  INFO 7736 --- [Project-Mission-Drone] [main] o.hibernate.jpa.internal.util.LogHelper  : HHH000204: Processing PersistenceUnitInfo [name: default]
2025-09-24T14:58:33.792-03:00  INFO 7736 --- [Project-Mission-Drone] [main] org.hibernate.Version                    : HHH000412: Hibernate ORM core version 6.6.26.Final
2025-09-24T14:58:33.855-03:00  INFO 7736 --- [Project-Mission-Drone] [main] o.h.c.internal.RegionFactoryInitiator    : HHH000026: Second-level cache disabled
2025-09-24T14:58:34.358-03:00  INFO 7736 --- [Project-Mission-Drone] [main] o.s.o.j.p.SpringPersistenceUnitInfo      : No LoadTimeWeaver setup: ignoring JPA class transformer
2025-09-24T14:58:34.405-03:00  INFO 7736 --- [Project-Mission-Drone] [main] com.zaxxer.hikari.HikariDataSource       : HikariPool-1 - Starting...
2025-09-24T14:58:34.690-03:00  INFO 7736 --- [Project-Mission-Drone] [main] com.zaxxer.hikari.pool.HikariPool        : HikariPool-1 - Added connection conn0: url=jdbc:h2:mem:blog_database user=SA
2025-09-24T14:58:34.692-03:00  INFO 7736 --- [Project-Mission-Drone] [main] com.zaxxer.hikari.HikariDataSource       : HikariPool-1 - Start completed.
2025-09-24T14:58:34.785-03:00  INFO 7736 --- [Project-Mission-Drone] [main] org.hibernate.orm.connections.pooling    : HHH10001005: Database info:
	Database JDBC URL [Connecting through datasource 'HikariDataSource (HikariPool-1)']
	Database driver: undefined/unknown
	Database version: 2.3.232
	Autocommit mode: undefined/unknown
	Isolation level: undefined/unknown
	Minimum pool size: undefined/unknown
	Maximum pool size: undefined/unknown
2025-09-24T14:58:36.320-03:00  INFO 7736 --- [Project-Mission-Drone] [main] o.h.e.t.j.p.i.JtaPlatformInitiator       : HHH000489: No JTA platform available (set 'hibernate.transaction.jta.platform' to enable JTA platform integration)
2025-09-24T14:58:36.393-03:00 DEBUG 7736 --- [Project-Mission-Drone] [main] org.hibernate.SQL                        : 
    create table drone (
        id uuid not null,
        battery_capacity integer not null,
        model varchar(50) not null,
        status varchar(50),
        primary key (id)
    )
2025-09-24T14:58:36.404-03:00 DEBUG 7736 --- [Project-Mission-Drone] [main] org.hibernate.SQL                        : 
    create table mission (
        id uuid not null,
        description varchar(100) not null,
        estimated_battery_usage integer,
        location varchar(50) not null,
        schedule_date date not null,
        drone_id uuid not null,
        primary key (id)
    )
2025-09-24T14:58:36.409-03:00 DEBUG 7736 --- [Project-Mission-Drone] [main] org.hibernate.SQL                        : 
    alter table if exists mission 
       add constraint FKpecghq3rkd466r7rp8ew0g7b 
       foreign key (drone_id) 
       references drone
2025-09-24T14:58:36.420-03:00  INFO 7736 --- [Project-Mission-Drone] [main] j.LocalContainerEntityManagerFactoryBean : Initialized JPA EntityManagerFactory for persistence unit 'default'
2025-09-24T14:58:37.910-03:00  WARN 7736 --- [Project-Mission-Drone] [main] JpaBaseConfiguration$JpaWebConfiguration : spring.jpa.open-in-view is enabled by default. Therefore, database queries may be performed during view rendering. Explicitly configure spring.jpa.open-in-view to disable this warning
2025-09-24T14:58:38.489-03:00  INFO 7736 --- [Project-Mission-Drone] [main] o.s.b.a.h2.H2ConsoleAutoConfiguration    : H2 console available at '/console'. Database available at 'jdbc:h2:mem:blog_database'
2025-09-24T14:58:38.579-03:00  INFO 7736 --- [Project-Mission-Drone] [main] .j.m.ProjectMissionDroneApplicationTests : Started ProjectMissionDroneApplicationTests in 7.794 seconds (process running for 10.004)
2025-09-24T14:58:39.448-03:00  INFO 7736 --- [Project-Mission-Drone] [SpringApplicationShutdownHook] j.LocalContainerEntityManagerFactoryBean : Closing JPA EntityManagerFactory for persistence unit 'default'
2025-09-24T14:58:39.452-03:00  INFO 7736 --- [Project-Mission-Drone] [SpringApplicationShutdownHook] com.zaxxer.hikari.HikariDataSource       : HikariPool-1 - Shutdown initiated...
2025-09-24T14:58:39.455-03:00  INFO 7736 --- [Project-Mission-Drone] [SpringApplicationShutdownHook] com.zaxxer.hikari.HikariDataSource       : HikariPool-1 - Shutdown completed.
2025-09-24T14:58:51.446-03:00  INFO 4316 --- [Project-Mission-Drone] [restartedMain] c.f.t.j.m.ProjectMissionDroneApplication : Starting ProjectMissionDroneApplication using Java 23-valhalla with PID 4316 (C:\Users\pedro\OneDrive - Fiap-Faculdade de Informática e Administração Paulista\3Semestre\Java Advanced\java-advanced\Project-Mission-Drone\target\classes started by pedro in C:\Users\pedro\OneDrive - Fiap-Faculdade de Informática e Administração Paulista\3Semestre\Java Advanced\java-advanced\Project-Mission-Drone)
2025-09-24T14:58:51.449-03:00  INFO 4316 --- [Project-Mission-Drone] [restartedMain] c.f.t.j.m.ProjectMissionDroneApplication : No active profile set, falling back to 1 default profile: "default"
2025-09-24T14:58:51.496-03:00  INFO 4316 --- [Project-Mission-Drone] [restartedMain] .e.DevToolsPropertyDefaultsPostProcessor : Devtools property defaults active! Set 'spring.devtools.add-properties' to 'false' to disable
2025-09-24T14:58:51.497-03:00  INFO 4316 --- [Project-Mission-Drone] [restartedMain] .e.DevToolsPropertyDefaultsPostProcessor : For additional web related logging consider setting the 'logging.level.web' property to 'DEBUG'
2025-09-24T14:58:52.535-03:00  INFO 4316 --- [Project-Mission-Drone] [restartedMain] .s.d.r.c.RepositoryConfigurationDelegate : Bootstrapping Spring Data JPA repositories in DEFAULT mode.
2025-09-24T14:58:52.614-03:00  INFO 4316 --- [Project-Mission-Drone] [restartedMain] .s.d.r.c.RepositoryConfigurationDelegate : Finished Spring Data repository scanning in 67 ms. Found 2 JPA repository interfaces.
2025-09-24T14:58:53.259-03:00  INFO 4316 --- [Project-Mission-Drone] [restartedMain] o.s.b.w.embedded.tomcat.TomcatWebServer  : Tomcat initialized with port 8080 (http)
2025-09-24T14:58:53.278-03:00  INFO 4316 --- [Project-Mission-Drone] [restartedMain] o.apache.catalina.core.StandardService   : Starting service [Tomcat]
2025-09-24T14:58:53.278-03:00  INFO 4316 --- [Project-Mission-Drone] [restartedMain] o.apache.catalina.core.StandardEngine    : Starting Servlet engine: [Apache Tomcat/10.1.44]
2025-09-24T14:58:53.340-03:00  INFO 4316 --- [Project-Mission-Drone] [restartedMain] o.a.c.c.C.[Tomcat].[localhost].[/]       : Initializing Spring embedded WebApplicationContext
2025-09-24T14:58:53.340-03:00  INFO 4316 --- [Project-Mission-Drone] [restartedMain] w.s.c.ServletWebServerApplicationContext : Root WebApplicationContext: initialization completed in 1843 ms
2025-09-24T14:58:53.543-03:00  INFO 4316 --- [Project-Mission-Drone] [restartedMain] o.hibernate.jpa.internal.util.LogHelper  : HHH000204: Processing PersistenceUnitInfo [name: default]
2025-09-24T14:58:53.601-03:00  INFO 4316 --- [Project-Mission-Drone] [restartedMain] org.hibernate.Version                    : HHH000412: Hibernate ORM core version 6.6.26.Final
2025-09-24T14:58:53.637-03:00  INFO 4316 --- [Project-Mission-Drone] [restartedMain] o.h.c.internal.RegionFactoryInitiator    : HHH000026: Second-level cache disabled
2025-09-24T14:58:53.951-03:00  INFO 4316 --- [Project-Mission-Drone] [restartedMain] o.s.o.j.p.SpringPersistenceUnitInfo      : No LoadTimeWeaver setup: ignoring JPA class transformer
2025-09-24T14:58:53.986-03:00  INFO 4316 --- [Project-Mission-Drone] [restartedMain] com.zaxxer.hikari.HikariDataSource       : HikariPool-1 - Starting...
2025-09-24T14:58:54.192-03:00  INFO 4316 --- [Project-Mission-Drone] [restartedMain] com.zaxxer.hikari.pool.HikariPool        : HikariPool-1 - Added connection conn0: url=jdbc:h2:mem:blog_database user=SA
2025-09-24T14:58:54.195-03:00  INFO 4316 --- [Project-Mission-Drone] [restartedMain] com.zaxxer.hikari.HikariDataSource       : HikariPool-1 - Start completed.
2025-09-24T14:58:54.257-03:00  INFO 4316 --- [Project-Mission-Drone] [restartedMain] org.hibernate.orm.connections.pooling    : HHH10001005: Database info:
	Database JDBC URL [Connecting through datasource 'HikariDataSource (HikariPool-1)']
	Database driver: undefined/unknown
	Database version: 2.3.232
	Autocommit mode: undefined/unknown
	Isolation level: undefined/unknown
	Minimum pool size: undefined/unknown
	Maximum pool size: undefined/unknown
2025-09-24T14:58:55.231-03:00  INFO 4316 --- [Project-Mission-Drone] [restartedMain] o.h.e.t.j.p.i.JtaPlatformInitiator       : HHH000489: No JTA platform available (set 'hibernate.transaction.jta.platform' to enable JTA platform integration)
2025-09-24T14:58:55.285-03:00 DEBUG 4316 --- [Project-Mission-Drone] [restartedMain] org.hibernate.SQL                        : 
    create table drone (
        id uuid not null,
        battery_capacity integer not null,
        model varchar(50) not null,
        status varchar(50),
        primary key (id)
    )
2025-09-24T14:58:55.293-03:00 DEBUG 4316 --- [Project-Mission-Drone] [restartedMain] org.hibernate.SQL                        : 
    create table mission (
        id uuid not null,
        description varchar(100) not null,
        estimated_battery_usage integer,
        location varchar(50) not null,
        schedule_date date not null,
        drone_id uuid not null,
        primary key (id)
    )
2025-09-24T14:58:55.295-03:00 DEBUG 4316 --- [Project-Mission-Drone] [restartedMain] org.hibernate.SQL                        : 
    alter table if exists mission 
       add constraint FKpecghq3rkd466r7rp8ew0g7b 
       foreign key (drone_id) 
       references drone
2025-09-24T14:58:55.302-03:00  INFO 4316 --- [Project-Mission-Drone] [restartedMain] j.LocalContainerEntityManagerFactoryBean : Initialized JPA EntityManagerFactory for persistence unit 'default'
2025-09-24T14:58:55.820-03:00  WARN 4316 --- [Project-Mission-Drone] [restartedMain] JpaBaseConfiguration$JpaWebConfiguration : spring.jpa.open-in-view is enabled by default. Therefore, database queries may be performed during view rendering. Explicitly configure spring.jpa.open-in-view to disable this warning
2025-09-24T14:58:56.208-03:00  INFO 4316 --- [Project-Mission-Drone] [restartedMain] o.s.b.a.h2.H2ConsoleAutoConfiguration    : H2 console available at '/console'. Database available at 'jdbc:h2:mem:blog_database'
2025-09-24T14:58:56.271-03:00  INFO 4316 --- [Project-Mission-Drone] [restartedMain] o.s.b.d.a.OptionalLiveReloadServer       : LiveReload server is running on port 35729
2025-09-24T14:58:56.316-03:00  INFO 4316 --- [Project-Mission-Drone] [restartedMain] o.s.b.w.embedded.tomcat.TomcatWebServer  : Tomcat started on port 8080 (http) with context path '/'
2025-09-24T14:58:56.325-03:00  INFO 4316 --- [Project-Mission-Drone] [restartedMain] c.f.t.j.m.ProjectMissionDroneApplication : Started ProjectMissionDroneApplication in 5.45 seconds (process running for 6.712)
2025-09-24T14:59:25.526-03:00  INFO 4316 --- [Project-Mission-Drone] [http-nio-8080-exec-1] o.a.c.c.C.[Tomcat].[localhost].[/]       : Initializing Spring DispatcherServlet 'dispatcherServlet'
2025-09-24T14:59:25.526-03:00  INFO 4316 --- [Project-Mission-Drone] [http-nio-8080-exec-1] o.s.web.servlet.DispatcherServlet        : Initializing Servlet 'dispatcherServlet'
2025-09-24T14:59:25.529-03:00  INFO 4316 --- [Project-Mission-Drone] [http-nio-8080-exec-1] o.s.web.servlet.DispatcherServlet        : Completed initialization in 2 ms
2025-09-24T14:59:26.464-03:00  INFO 4316 --- [Project-Mission-Drone] [http-nio-8080-exec-8] o.springdoc.api.AbstractOpenApiResource  : Init duration for springdoc-openapi is: 359 ms
2025-09-24T15:02:29.751-03:00  INFO 4316 --- [Project-Mission-Drone] [File Watcher] rtingClassPathChangeChangedEventListener : Restarting due to 19 class path changes (0 additions, 19 deletions, 0 modifications)
2025-09-24T15:02:29.755-03:00  INFO 4316 --- [Project-Mission-Drone] [Thread-5] o.s.b.w.e.tomcat.GracefulShutdown        : Commencing graceful shutdown. Waiting for active requests to complete
2025-09-24T15:02:29.760-03:00  INFO 4316 --- [Project-Mission-Drone] [tomcat-shutdown] o.s.b.w.e.tomcat.GracefulShutdown        : Graceful shutdown complete
2025-09-24T15:02:29.774-03:00  INFO 4316 --- [Project-Mission-Drone] [Thread-5] j.LocalContainerEntityManagerFactoryBean : Closing JPA EntityManagerFactory for persistence unit 'default'
2025-09-24T15:02:29.781-03:00  WARN 4316 --- [Project-Mission-Drone] [Thread-5] o.s.b.f.support.DisposableBeanAdapter    : Invocation of destroy method failed on bean with name 'inMemoryDatabaseShutdownExecutor': org.h2.jdbc.JdbcSQLNonTransientConnectionException: Database is already closed (to disable automatic closing at VM shutdown, add ";DB_CLOSE_ON_EXIT=FALSE" to the db URL) [90121-232]
2025-09-24T15:02:29.782-03:00  INFO 4316 --- [Project-Mission-Drone] [Thread-5] com.zaxxer.hikari.HikariDataSource       : HikariPool-1 - Shutdown initiated...
2025-09-24T15:02:29.784-03:00  INFO 4316 --- [Project-Mission-Drone] [Thread-5] com.zaxxer.hikari.HikariDataSource       : HikariPool-1 - Shutdown completed.
2025-09-24T15:02:29.883-03:00  INFO 4316 --- [Project-Mission-Drone] [restartedMain] c.f.t.j.m.ProjectMissionDroneApplication : Starting ProjectMissionDroneApplication using Java 23-valhalla with PID 4316 (C:\Users\pedro\OneDrive - Fiap-Faculdade de Informática e Administração Paulista\3Semestre\Java Advanced\java-advanced\Project-Mission-Drone\target\classes started by pedro in C:\Users\pedro\OneDrive - Fiap-Faculdade de Informática e Administração Paulista\3Semestre\Java Advanced\java-advanced\Project-Mission-Drone)
2025-09-24T15:02:29.884-03:00  INFO 4316 --- [Project-Mission-Drone] [restartedMain] c.f.t.j.m.ProjectMissionDroneApplication : No active profile set, falling back to 1 default profile: "default"
2025-09-24T15:02:30.271-03:00  INFO 4316 --- [Project-Mission-Drone] [restartedMain] .s.d.r.c.RepositoryConfigurationDelegate : Bootstrapping Spring Data JPA repositories in DEFAULT mode.
2025-09-24T15:02:30.276-03:00  INFO 4316 --- [Project-Mission-Drone] [restartedMain] .s.d.r.c.RepositoryConfigurationDelegate : Finished Spring Data repository scanning in 3 ms. Found 0 JPA repository interfaces.
2025-09-24T15:02:30.443-03:00  INFO 4316 --- [Project-Mission-Drone] [restartedMain] o.s.b.w.embedded.tomcat.TomcatWebServer  : Tomcat initialized with port 8080 (http)
2025-09-24T15:02:30.445-03:00  INFO 4316 --- [Project-Mission-Drone] [restartedMain] o.apache.catalina.core.StandardService   : Starting service [Tomcat]
2025-09-24T15:02:30.446-03:00  INFO 4316 --- [Project-Mission-Drone] [restartedMain] o.apache.catalina.core.StandardEngine    : Starting Servlet engine: [Apache Tomcat/10.1.44]
2025-09-24T15:02:30.482-03:00  INFO 4316 --- [Project-Mission-Drone] [restartedMain] o.a.c.c.C.[Tomcat].[localhost].[/]       : Initializing Spring embedded WebApplicationContext
2025-09-24T15:02:30.483-03:00  INFO 4316 --- [Project-Mission-Drone] [restartedMain] w.s.c.ServletWebServerApplicationContext : Root WebApplicationContext: initialization completed in 597 ms
2025-09-24T15:02:30.556-03:00  INFO 4316 --- [Project-Mission-Drone] [restartedMain] o.hibernate.jpa.internal.util.LogHelper  : HHH000204: Processing PersistenceUnitInfo [name: default]
2025-09-24T15:02:30.561-03:00  INFO 4316 --- [Project-Mission-Drone] [restartedMain] o.h.c.internal.RegionFactoryInitiator    : HHH000026: Second-level cache disabled
2025-09-24T15:02:30.573-03:00  INFO 4316 --- [Project-Mission-Drone] [restartedMain] o.s.o.j.p.SpringPersistenceUnitInfo      : No LoadTimeWeaver setup: ignoring JPA class transformer
2025-09-24T15:02:30.575-03:00  INFO 4316 --- [Project-Mission-Drone] [restartedMain] com.zaxxer.hikari.HikariDataSource       : HikariPool-2 - Starting...
2025-09-24T15:02:30.578-03:00  INFO 4316 --- [Project-Mission-Drone] [restartedMain] com.zaxxer.hikari.pool.HikariPool        : HikariPool-2 - Added connection conn10: url=jdbc:h2:mem:blog_database user=SA
2025-09-24T15:02:30.579-03:00  INFO 4316 --- [Project-Mission-Drone] [restartedMain] com.zaxxer.hikari.HikariDataSource       : HikariPool-2 - Start completed.
2025-09-24T15:02:30.581-03:00  INFO 4316 --- [Project-Mission-Drone] [restartedMain] org.hibernate.orm.connections.pooling    : HHH10001005: Database info:
	Database JDBC URL [Connecting through datasource 'HikariDataSource (HikariPool-2)']
	Database driver: undefined/unknown
	Database version: 2.3.232
	Autocommit mode: undefined/unknown
	Isolation level: undefined/unknown
	Minimum pool size: undefined/unknown
	Maximum pool size: undefined/unknown
2025-09-24T15:02:30.612-03:00  INFO 4316 --- [Project-Mission-Drone] [restartedMain] o.h.e.t.j.p.i.JtaPlatformInitiator       : HHH000489: No JTA platform available (set 'hibernate.transaction.jta.platform' to enable JTA platform integration)
2025-09-24T15:02:30.612-03:00  INFO 4316 --- [Project-Mission-Drone] [restartedMain] j.LocalContainerEntityManagerFactoryBean : Initialized JPA EntityManagerFactory for persistence unit 'default'
2025-09-24T15:02:30.716-03:00  WARN 4316 --- [Project-Mission-Drone] [restartedMain] JpaBaseConfiguration$JpaWebConfiguration : spring.jpa.open-in-view is enabled by default. Therefore, database queries may be performed during view rendering. Explicitly configure spring.jpa.open-in-view to disable this warning
2025-09-24T15:02:30.912-03:00  INFO 4316 --- [Project-Mission-Drone] [restartedMain] o.s.b.a.h2.H2ConsoleAutoConfiguration    : H2 console available at '/console'. Database available at 'jdbc:h2:mem:blog_database'
2025-09-24T15:02:30.942-03:00  INFO 4316 --- [Project-Mission-Drone] [restartedMain] o.s.b.d.a.OptionalLiveReloadServer       : LiveReload server is running on port 35729
2025-09-24T15:02:30.959-03:00  INFO 4316 --- [Project-Mission-Drone] [restartedMain] o.s.b.w.embedded.tomcat.TomcatWebServer  : Tomcat started on port 8080 (http) with context path '/'
2025-09-24T15:02:30.964-03:00  INFO 4316 --- [Project-Mission-Drone] [restartedMain] c.f.t.j.m.ProjectMissionDroneApplication : Started ProjectMissionDroneApplication in 1.118 seconds (process running for 221.351)
2025-09-24T15:02:30.966-03:00  INFO 4316 --- [Project-Mission-Drone] [restartedMain] .ConditionEvaluationDeltaLoggingListener : Condition evaluation unchanged
2025-09-24T15:02:34.827-03:00  INFO 4316 --- [Project-Mission-Drone] [File Watcher] rtingClassPathChangeChangedEventListener : Restarting due to 21 class path changes (19 additions, 2 deletions, 0 modifications)
2025-09-24T15:02:34.828-03:00  INFO 4316 --- [Project-Mission-Drone] [Thread-7] o.s.b.w.e.tomcat.GracefulShutdown        : Commencing graceful shutdown. Waiting for active requests to complete
2025-09-24T15:02:34.832-03:00  INFO 4316 --- [Project-Mission-Drone] [tomcat-shutdown] o.s.b.w.e.tomcat.GracefulShutdown        : Graceful shutdown complete
2025-09-24T15:02:34.834-03:00  INFO 4316 --- [Project-Mission-Drone] [Thread-7] j.LocalContainerEntityManagerFactoryBean : Closing JPA EntityManagerFactory for persistence unit 'default'
2025-09-24T15:02:34.835-03:00  WARN 4316 --- [Project-Mission-Drone] [Thread-7] o.s.b.f.support.DisposableBeanAdapter    : Invocation of destroy method failed on bean with name 'inMemoryDatabaseShutdownExecutor': org.h2.jdbc.JdbcSQLNonTransientConnectionException: Database is already closed (to disable automatic closing at VM shutdown, add ";DB_CLOSE_ON_EXIT=FALSE" to the db URL) [90121-232]
2025-09-24T15:02:34.836-03:00  INFO 4316 --- [Project-Mission-Drone] [Thread-7] com.zaxxer.hikari.HikariDataSource       : HikariPool-2 - Shutdown initiated...
2025-09-24T15:02:34.837-03:00  INFO 4316 --- [Project-Mission-Drone] [Thread-7] com.zaxxer.hikari.HikariDataSource       : HikariPool-2 - Shutdown completed.
2025-09-24T15:02:34.931-03:00  INFO 4316 --- [Project-Mission-Drone] [restartedMain] c.f.t.j.m.ProjectMissionDroneApplication : Starting ProjectMissionDroneApplication using Java 23-valhalla with PID 4316 (C:\Users\pedro\OneDrive - Fiap-Faculdade de Informática e Administração Paulista\3Semestre\Java Advanced\java-advanced\Project-Mission-Drone\target\classes started by pedro in C:\Users\pedro\OneDrive - Fiap-Faculdade de Informática e Administração Paulista\3Semestre\Java Advanced\java-advanced\Project-Mission-Drone)
2025-09-24T15:02:34.931-03:00  INFO 4316 --- [Project-Mission-Drone] [restartedMain] c.f.t.j.m.ProjectMissionDroneApplication : No active profile set, falling back to 1 default profile: "default"
2025-09-24T15:02:35.242-03:00  INFO 4316 --- [Project-Mission-Drone] [restartedMain] .s.d.r.c.RepositoryConfigurationDelegate : Bootstrapping Spring Data JPA repositories in DEFAULT mode.
2025-09-24T15:02:35.263-03:00  INFO 4316 --- [Project-Mission-Drone] [restartedMain] .s.d.r.c.RepositoryConfigurationDelegate : Finished Spring Data repository scanning in 19 ms. Found 2 JPA repository interfaces.
2025-09-24T15:02:35.360-03:00  INFO 4316 --- [Project-Mission-Drone] [restartedMain] o.s.b.w.embedded.tomcat.TomcatWebServer  : Tomcat initialized with port 8080 (http)
2025-09-24T15:02:35.361-03:00  INFO 4316 --- [Project-Mission-Drone] [restartedMain] o.apache.catalina.core.StandardService   : Starting service [Tomcat]
2025-09-24T15:02:35.361-03:00  INFO 4316 --- [Project-Mission-Drone] [restartedMain] o.apache.catalina.core.StandardEngine    : Starting Servlet engine: [Apache Tomcat/10.1.44]
2025-09-24T15:02:35.386-03:00  INFO 4316 --- [Project-Mission-Drone] [restartedMain] o.a.c.c.C.[Tomcat].[localhost].[/]       : Initializing Spring embedded WebApplicationContext
2025-09-24T15:02:35.386-03:00  INFO 4316 --- [Project-Mission-Drone] [restartedMain] w.s.c.ServletWebServerApplicationContext : Root WebApplicationContext: initialization completed in 452 ms
2025-09-24T15:02:35.427-03:00  INFO 4316 --- [Project-Mission-Drone] [restartedMain] o.hibernate.jpa.internal.util.LogHelper  : HHH000204: Processing PersistenceUnitInfo [name: default]
2025-09-24T15:02:35.431-03:00  INFO 4316 --- [Project-Mission-Drone] [restartedMain] o.h.c.internal.RegionFactoryInitiator    : HHH000026: Second-level cache disabled
2025-09-24T15:02:35.440-03:00  INFO 4316 --- [Project-Mission-Drone] [restartedMain] o.s.o.j.p.SpringPersistenceUnitInfo      : No LoadTimeWeaver setup: ignoring JPA class transformer
2025-09-24T15:02:35.442-03:00  INFO 4316 --- [Project-Mission-Drone] [restartedMain] com.zaxxer.hikari.HikariDataSource       : HikariPool-3 - Starting...
2025-09-24T15:02:35.444-03:00  INFO 4316 --- [Project-Mission-Drone] [restartedMain] com.zaxxer.hikari.pool.HikariPool        : HikariPool-3 - Added connection conn20: url=jdbc:h2:mem:blog_database user=SA
2025-09-24T15:02:35.445-03:00  INFO 4316 --- [Project-Mission-Drone] [restartedMain] com.zaxxer.hikari.HikariDataSource       : HikariPool-3 - Start completed.
2025-09-24T15:02:35.447-03:00  INFO 4316 --- [Project-Mission-Drone] [restartedMain] org.hibernate.orm.connections.pooling    : HHH10001005: Database info:
	Database JDBC URL [Connecting through datasource 'HikariDataSource (HikariPool-3)']
	Database driver: undefined/unknown
	Database version: 2.3.232
	Autocommit mode: undefined/unknown
	Isolation level: undefined/unknown
	Minimum pool size: undefined/unknown
	Maximum pool size: undefined/unknown
2025-09-24T15:02:35.582-03:00  INFO 4316 --- [Project-Mission-Drone] [restartedMain] o.h.e.t.j.p.i.JtaPlatformInitiator       : HHH000489: No JTA platform available (set 'hibernate.transaction.jta.platform' to enable JTA platform integration)
2025-09-24T15:02:35.584-03:00 DEBUG 4316 --- [Project-Mission-Drone] [restartedMain] org.hibernate.SQL                        : 
    create table drone (
        id uuid not null,
        battery_capacity integer not null,
        model varchar(50) not null,
        status varchar(50),
        primary key (id)
    )
2025-09-24T15:02:35.586-03:00 DEBUG 4316 --- [Project-Mission-Drone] [restartedMain] org.hibernate.SQL                        : 
    create table mission (
        id uuid not null,
        description varchar(100) not null,
        estimated_battery_usage integer,
        location varchar(50) not null,
        schedule_date date not null,
        drone_id uuid not null,
        primary key (id)
    )
2025-09-24T15:02:35.587-03:00 DEBUG 4316 --- [Project-Mission-Drone] [restartedMain] org.hibernate.SQL                        : 
    alter table if exists mission 
       add constraint FKpecghq3rkd466r7rp8ew0g7b 
       foreign key (drone_id) 
       references drone
2025-09-24T15:02:35.588-03:00  INFO 4316 --- [Project-Mission-Drone] [restartedMain] j.LocalContainerEntityManagerFactoryBean : Initialized JPA EntityManagerFactory for persistence unit 'default'
2025-09-24T15:02:35.726-03:00  WARN 4316 --- [Project-Mission-Drone] [restartedMain] JpaBaseConfiguration$JpaWebConfiguration : spring.jpa.open-in-view is enabled by default. Therefore, database queries may be performed during view rendering. Explicitly configure spring.jpa.open-in-view to disable this warning
2025-09-24T15:02:35.846-03:00  INFO 4316 --- [Project-Mission-Drone] [restartedMain] o.s.b.a.h2.H2ConsoleAutoConfiguration    : H2 console available at '/console'. Database available at 'jdbc:h2:mem:blog_database'
2025-09-24T15:02:35.862-03:00  INFO 4316 --- [Project-Mission-Drone] [restartedMain] o.s.b.d.a.OptionalLiveReloadServer       : LiveReload server is running on port 35729
2025-09-24T15:02:35.876-03:00  INFO 4316 --- [Project-Mission-Drone] [restartedMain] o.s.b.w.embedded.tomcat.TomcatWebServer  : Tomcat started on port 8080 (http) with context path '/'
2025-09-24T15:02:35.880-03:00  INFO 4316 --- [Project-Mission-Drone] [restartedMain] c.f.t.j.m.ProjectMissionDroneApplication : Started ProjectMissionDroneApplication in 0.979 seconds (process running for 226.267)
2025-09-24T15:02:35.881-03:00  INFO 4316 --- [Project-Mission-Drone] [restartedMain] .ConditionEvaluationDeltaLoggingListener : Condition evaluation unchanged
2025-09-24T15:02:37.286-03:00  INFO 4316 --- [Project-Mission-Drone] [File Watcher] rtingClassPathChangeChangedEventListener : Restarting due to 2 class path changes (2 additions, 0 deletions, 0 modifications)
2025-09-24T15:02:37.287-03:00  INFO 4316 --- [Project-Mission-Drone] [Thread-12] o.s.b.w.e.tomcat.GracefulShutdown        : Commencing graceful shutdown. Waiting for active requests to complete
2025-09-24T15:02:37.291-03:00  INFO 4316 --- [Project-Mission-Drone] [tomcat-shutdown] o.s.b.w.e.tomcat.GracefulShutdown        : Graceful shutdown complete
2025-09-24T15:02:37.294-03:00  INFO 4316 --- [Project-Mission-Drone] [Thread-12] j.LocalContainerEntityManagerFactoryBean : Closing JPA EntityManagerFactory for persistence unit 'default'
2025-09-24T15:02:37.295-03:00  WARN 4316 --- [Project-Mission-Drone] [Thread-12] o.s.b.f.support.DisposableBeanAdapter    : Invocation of destroy method failed on bean with name 'inMemoryDatabaseShutdownExecutor': org.h2.jdbc.JdbcSQLNonTransientConnectionException: Database is already closed (to disable automatic closing at VM shutdown, add ";DB_CLOSE_ON_EXIT=FALSE" to the db URL) [90121-232]
2025-09-24T15:02:37.295-03:00  INFO 4316 --- [Project-Mission-Drone] [Thread-12] com.zaxxer.hikari.HikariDataSource       : HikariPool-3 - Shutdown initiated...
2025-09-24T15:02:37.296-03:00  INFO 4316 --- [Project-Mission-Drone] [Thread-12] com.zaxxer.hikari.HikariDataSource       : HikariPool-3 - Shutdown completed.
2025-09-24T15:02:37.379-03:00  INFO 4316 --- [Project-Mission-Drone] [restartedMain] c.f.t.j.m.ProjectMissionDroneApplication : Starting ProjectMissionDroneApplication using Java 23-valhalla with PID 4316 (C:\Users\pedro\OneDrive - Fiap-Faculdade de Informática e Administração Paulista\3Semestre\Java Advanced\java-advanced\Project-Mission-Drone\target\classes started by pedro in C:\Users\pedro\OneDrive - Fiap-Faculdade de Informática e Administração Paulista\3Semestre\Java Advanced\java-advanced\Project-Mission-Drone)
2025-09-24T15:02:37.380-03:00  INFO 4316 --- [Project-Mission-Drone] [restartedMain] c.f.t.j.m.ProjectMissionDroneApplication : No active profile set, falling back to 1 default profile: "default"
2025-09-24T15:02:37.659-03:00  INFO 4316 --- [Project-Mission-Drone] [restartedMain] .s.d.r.c.RepositoryConfigurationDelegate : Bootstrapping Spring Data JPA repositories in DEFAULT mode.
2025-09-24T15:02:37.676-03:00  INFO 4316 --- [Project-Mission-Drone] [restartedMain] .s.d.r.c.RepositoryConfigurationDelegate : Finished Spring Data repository scanning in 15 ms. Found 2 JPA repository interfaces.
2025-09-24T15:02:37.765-03:00  INFO 4316 --- [Project-Mission-Drone] [restartedMain] o.s.b.w.embedded.tomcat.TomcatWebServer  : Tomcat initialized with port 8080 (http)
2025-09-24T15:02:37.765-03:00  INFO 4316 --- [Project-Mission-Drone] [restartedMain] o.apache.catalina.core.StandardService   : Starting service [Tomcat]
2025-09-24T15:02:37.766-03:00  INFO 4316 --- [Project-Mission-Drone] [restartedMain] o.apache.catalina.core.StandardEngine    : Starting Servlet engine: [Apache Tomcat/10.1.44]
2025-09-24T15:02:37.788-03:00  INFO 4316 --- [Project-Mission-Drone] [restartedMain] o.a.c.c.C.[Tomcat].[localhost].[/]       : Initializing Spring embedded WebApplicationContext
2025-09-24T15:02:37.788-03:00  INFO 4316 --- [Project-Mission-Drone] [restartedMain] w.s.c.ServletWebServerApplicationContext : Root WebApplicationContext: initialization completed in 406 ms
2025-09-24T15:02:37.821-03:00  INFO 4316 --- [Project-Mission-Drone] [restartedMain] o.hibernate.jpa.internal.util.LogHelper  : HHH000204: Processing PersistenceUnitInfo [name: default]
2025-09-24T15:02:37.824-03:00  INFO 4316 --- [Project-Mission-Drone] [restartedMain] o.h.c.internal.RegionFactoryInitiator    : HHH000026: Second-level cache disabled
2025-09-24T15:02:37.837-03:00  INFO 4316 --- [Project-Mission-Drone] [restartedMain] o.s.o.j.p.SpringPersistenceUnitInfo      : No LoadTimeWeaver setup: ignoring JPA class transformer
2025-09-24T15:02:37.838-03:00  INFO 4316 --- [Project-Mission-Drone] [restartedMain] com.zaxxer.hikari.HikariDataSource       : HikariPool-4 - Starting...
2025-09-24T15:02:37.840-03:00  INFO 4316 --- [Project-Mission-Drone] [restartedMain] com.zaxxer.hikari.pool.HikariPool        : HikariPool-4 - Added connection conn30: url=jdbc:h2:mem:blog_database user=SA
2025-09-24T15:02:37.841-03:00  INFO 4316 --- [Project-Mission-Drone] [restartedMain] com.zaxxer.hikari.HikariDataSource       : HikariPool-4 - Start completed.
2025-09-24T15:02:37.841-03:00  INFO 4316 --- [Project-Mission-Drone] [restartedMain] org.hibernate.orm.connections.pooling    : HHH10001005: Database info:
	Database JDBC URL [Connecting through datasource 'HikariDataSource (HikariPool-4)']
	Database driver: undefined/unknown
	Database version: 2.3.232
	Autocommit mode: undefined/unknown
	Isolation level: undefined/unknown
	Minimum pool size: undefined/unknown
	Maximum pool size: undefined/unknown
2025-09-24T15:02:37.951-03:00  INFO 4316 --- [Project-Mission-Drone] [restartedMain] o.h.e.t.j.p.i.JtaPlatformInitiator       : HHH000489: No JTA platform available (set 'hibernate.transaction.jta.platform' to enable JTA platform integration)
2025-09-24T15:02:37.953-03:00 DEBUG 4316 --- [Project-Mission-Drone] [restartedMain] org.hibernate.SQL                        : 
    create table drone (
        id uuid not null,
        battery_capacity integer not null,
        model varchar(50) not null,
        status varchar(50),
        primary key (id)
    )
2025-09-24T15:02:37.957-03:00 DEBUG 4316 --- [Project-Mission-Drone] [restartedMain] org.hibernate.SQL                        : 
    create table mission (
        id uuid not null,
        description varchar(100) not null,
        estimated_battery_usage integer,
        location varchar(50) not null,
        schedule_date date not null,
        drone_id uuid not null,
        primary key (id)
    )
2025-09-24T15:02:37.959-03:00 DEBUG 4316 --- [Project-Mission-Drone] [restartedMain] org.hibernate.SQL                        : 
    alter table if exists mission 
       add constraint FKpecghq3rkd466r7rp8ew0g7b 
       foreign key (drone_id) 
       references drone
2025-09-24T15:02:37.962-03:00  INFO 4316 --- [Project-Mission-Drone] [restartedMain] j.LocalContainerEntityManagerFactoryBean : Initialized JPA EntityManagerFactory for persistence unit 'default'
2025-09-24T15:02:38.053-03:00  WARN 4316 --- [Project-Mission-Drone] [restartedMain] JpaBaseConfiguration$JpaWebConfiguration : spring.jpa.open-in-view is enabled by default. Therefore, database queries may be performed during view rendering. Explicitly configure spring.jpa.open-in-view to disable this warning
2025-09-24T15:02:38.144-03:00  INFO 4316 --- [Project-Mission-Drone] [restartedMain] o.s.b.a.h2.H2ConsoleAutoConfiguration    : H2 console available at '/console'. Database available at 'jdbc:h2:mem:blog_database'
2025-09-24T15:02:38.159-03:00  INFO 4316 --- [Project-Mission-Drone] [restartedMain] o.s.b.d.a.OptionalLiveReloadServer       : LiveReload server is running on port 35729
2025-09-24T15:02:38.178-03:00  INFO 4316 --- [Project-Mission-Drone] [restartedMain] o.s.b.w.embedded.tomcat.TomcatWebServer  : Tomcat started on port 8080 (http) with context path '/'
2025-09-24T15:02:38.184-03:00  INFO 4316 --- [Project-Mission-Drone] [restartedMain] c.f.t.j.m.ProjectMissionDroneApplication : Started ProjectMissionDroneApplication in 0.835 seconds (process running for 228.571)
2025-09-24T15:02:38.186-03:00  INFO 4316 --- [Project-Mission-Drone] [restartedMain] .ConditionEvaluationDeltaLoggingListener : Condition evaluation unchanged
2025-09-24T15:02:54.043-03:00  INFO 4316 --- [Project-Mission-Drone] [http-nio-8080-exec-1] o.a.c.c.C.[Tomcat].[localhost].[/]       : Initializing Spring DispatcherServlet 'dispatcherServlet'
2025-09-24T15:02:54.043-03:00  INFO 4316 --- [Project-Mission-Drone] [http-nio-8080-exec-1] o.s.web.servlet.DispatcherServlet        : Initializing Servlet 'dispatcherServlet'
2025-09-24T15:02:54.044-03:00  INFO 4316 --- [Project-Mission-Drone] [http-nio-8080-exec-1] o.s.web.servlet.DispatcherServlet        : Completed initialization in 1 ms
2025-09-24T15:02:54.404-03:00  INFO 4316 --- [Project-Mission-Drone] [http-nio-8080-exec-5] o.springdoc.api.AbstractOpenApiResource  : Init duration for springdoc-openapi is: 202 ms
